GitHub/Android-Cookbook-Examples/EmailWithAttachments/build/outputs/logs/manifest-merger-debug-report.txt
-- Merging decision tree log ---
manifest
ADDED from Android-Cookbook-Examples/EmailWithAttachments/AndroidManifest.xml:2:1-28:12
	package
		ADDED from Android-Cookbook-Examples/EmailWithAttachments/AndroidManifest.xml:3:5-39
	android:versionName
		ADDED from Android-Cookbook-Examples/EmailWithAttachments/AndroidManifest.xml:5:5-30
		INJECTED from Android-Cookbook-Examples/EmailWithAttachments/AndroidManifest.xml
		INJECTED from Android-Cookbook-Examples/EmailWithAttachments/AndroidManifest.xml
	android:versionCode
		ADDED from Android-Cookbook-Examples/EmailWithAttachments/AndroidManifest.xml:4:5-28
		INJECTED from Android-Cookbook-Examples/EmailWithAttachments/AndroidManifest.xml
		INJECTED from Android-Cookbook-Examples/EmailWithAttachments/AndroidManifest.xml
	xmlns:android
		ADDED from Android-Cookbook-Examples/EmailWithAttachments/AndroidManifest.xml:2:11-69
uses-sdk
ADDED from Android-Cookbook-Examples/EmailWithAttachments/AndroidManifest.xml:8:5-9:40
MERGED from [com.android.support:appcompat-v7:26.0.0-alpha1] AndroidManifest.xml:21:5-23:78
MERGED from [com.android.support:support-v4:26.0.0-alpha1] AndroidManifest.xml:21:5-23:54
MERGED from [com.android.support:support-media-compat:26.0.0-alpha1] AndroidManifest.xml:21:5-23:63
MERGED from [com.android.support:support-fragment:26.0.0-alpha1] AndroidManifest.xml:21:5-23:60
MERGED from [com.android.support:support-core-ui:26.0.0-alpha1] AndroidManifest.xml:21:5-23:58
MERGED from [com.android.support:support-core-utils:26.0.0-alpha1] AndroidManifest.xml:21:5-23:61
MERGED from [com.android.support:animated-vector-drawable:26.0.0-alpha1] AndroidManifest.xml:20:5-44
MERGED from [com.android.support:support-vector-drawable:26.0.0-alpha1] AndroidManifest.xml:20:5-44
MERGED from [com.android.support:support-compat:26.0.0-alpha1] AndroidManifest.xml:21:5-23:58
	tools:overrideLibrary
		ADDED from [com.android.support:appcompat-v7:26.0.0-alpha1] AndroidManifest.xml:23:9-75
	android:targetSdkVersion
		ADDED from Android-Cookbook-Examples/EmailWithAttachments/AndroidManifest.xml:9:9-38
		INJECTED from Android-Cookbook-Examples/EmailWithAttachments/AndroidManifest.xml
		INJECTED from Android-Cookbook-Examples/EmailWithAttachments/AndroidManifest.xml
	android:minSdkVersion
		ADDED from Android-Cookbook-Examples/EmailWithAttachments/AndroidManifest.xml:8:15-41
		INJECTED from Android-Cookbook-Examples/EmailWithAttachments/AndroidManifest.xml
		INJECTED from Android-Cookbook-Examples/EmailWithAttachments/AndroidManifest.xml
uses-permission#android.permission.WRITE_EXTERNAL_STORAGE
ADDED from Android-Cookbook-Examples/EmailWithAttachments/AndroidManifest.xml:10:5-11:68
	android:name
		ADDED from Android-Cookbook-Examples/EmailWithAttachments/AndroidManifest.xml:11:9-65
application
ADDED from Android-Cookbook-Examples/EmailWithAttachments/AndroidManifest.xml:13:5-26:19
MERGED from [com.android.support:appcompat-v7:26.0.0-alpha1] AndroidManifest.xml:29:5-20
MERGED from [com.android.support:support-v4:26.0.0-alpha1] AndroidManifest.xml:29:5-20
MERGED from [com.android.support:support-media-compat:26.0.0-alpha1] AndroidManifest.xml:29:5-20
MERGED from [com.android.support:support-fragment:26.0.0-alpha1] AndroidManifest.xml:29:5-20
MERGED from [com.android.support:support-core-ui:26.0.0-alpha1] AndroidManifest.xml:29:5-20
MERGED from [com.android.support:support-core-utils:26.0.0-alpha1] AndroidManifest.xml:29:5-20
MERGED from [com.android.support:animated-vector-drawable:26.0.0-alpha1] AndroidManifest.xml:26:5-20
MERGED from [com.android.support:support-vector-drawable:26.0.0-alpha1] AndroidManifest.xml:26:5-20
MERGED from [com.android.support:support-compat:26.0.0-alpha1] AndroidManifest.xml:29:5-20
	android:label
		ADDED from Android-Cookbook-Examples/EmailWithAttachments/AndroidManifest.xml:15:9-41
	android:allowBackup
		ADDED from Android-Cookbook-Examples/EmailWithAttachments/AndroidManifest.xml:16:9-36
	android:icon
		ADDED from Android-Cookbook-Examples/EmailWithAttachments/AndroidManifest.xml:14:9-45
activity#com.example.emailandroid.Main
ADDED from Android-Cookbook-Examples/EmailWithAttachments/AndroidManifest.xml:17:9-25:20
	android:label
		ADDED from Android-Cookbook-Examples/EmailWithAttachments/AndroidManifest.xml:19:13-45
	android:name
		ADDED from Android-Cookbook-Examples/EmailWithAttachments/AndroidManifest.xml:18:13-33
intent-filter#android.intent.action.MAIN+android.intent.category.LAUNCHER
ADDED from Android-Cookbook-Examples/EmailWithAttachments/AndroidManifest.xml:20:13-24:29
action#android.intent.action.MAIN
ADDED from Android-Cookbook-Examples/EmailWithAttachments/AndroidManifest.xml:21:17-69
	android:name
		ADDED from Android-Cookbook-Examples/EmailWithAttachments/AndroidManifest.xml:21:25-66
category#android.intent.category.LAUNCHER
ADDED from Android-Cookbook-Examples/EmailWithAttachments/AndroidManifest.xml:23:17-77
	android:name
		ADDED from Android-Cookbook-Examples/EmailWithAttachments/AndroidManifest.xml:23:27-74
meta-data#android.support.VERSION
ADDED from [com.android.support:appcompat-v7:26.0.0-alpha1] AndroidManifest.xml:25:5-27:41
MERGED from [com.android.support:support-v4:26.0.0-alpha1] AndroidManifest.xml:25:5-27:41
MERGED from [com.android.support:support-media-compat:26.0.0-alpha1] AndroidManifest.xml:25:5-27:41
MERGED from [com.android.support:support-fragment:26.0.0-alpha1] AndroidManifest.xml:25:5-27:41
MERGED from [com.android.support:support-core-ui:26.0.0-alpha1] AndroidManifest.xml:25:5-27:41
MERGED from [com.android.support:support-core-utils:26.0.0-alpha1] AndroidManifest.xml:25:5-27:41
MERGED from [com.android.support:animated-vector-drawable:26.0.0-alpha1] AndroidManifest.xml:22:5-24:41
MERGED from [com.android.support:support-vector-drawable:26.0.0-alpha1] AndroidManifest.xml:22:5-24:41
MERGED from [com.android.support:support-compat:26.0.0-alpha1] AndroidManifest.xml:25:5-27:41
	android:value
		ADDED from [com.android.support:appcompat-v7:26.0.0-alpha1] AndroidManifest.xml:27:9-38
	android:name
		ADDED from [com.android.support:appcompat-v7:26.0.0-alpha1] AndroidManifest.xml:26:9-47